<?xml version="1.0" encoding="UTF-8"?>
<!-- Generated by org.testng.reporters.JUnitReportReporter -->
<testsuite hostname="DESKTOP-TN4V3G6" failures="0" tests="1" name="SeleniumTestScripts.TestNG_Demo" time="16.991" errors="0" timestamp="2020-03-12T16:47:35 CET" skipped="0">
  <testcase classname="SeleniumTestScripts.TestNG_Demo" name="SeleniumGoogleSearch" time="16.991"/>
  <system-out/>
</testsuite> <!-- SeleniumTestScripts.TestNG_Demo -->
