<?xml version="1.0" encoding="UTF-8"?>
<!-- Generated by org.testng.reporters.JUnitReportReporter -->
<testsuite hostname="DESKTOP-TN4V3G6" failures="0" tests="1" name="SeleniumTestScripts.TestNG_Demo2" time="10.048" errors="0" timestamp="2020-03-12T16:47:35 CET" skipped="0">
  <testcase classname="SeleniumTestScripts.TestNG_Demo2" name="SeleniumGoogleSearch" time="10.048"/>
  <system-out/>
</testsuite> <!-- SeleniumTestScripts.TestNG_Demo2 -->
