<?xml version="1.0" encoding="UTF-8"?>
<!-- Generated by org.testng.reporters.JUnitReportReporter -->
<testsuite hostname="DESKTOP-TN4V3G6" failures="0" tests="1" name="SeleniumTestScripts.RecorderDemo1" time="6.360" errors="0" timestamp="2020-03-23T15:32:34 CET" skipped="0">
  <testcase classname="SeleniumTestScripts.RecorderDemo1" name="testRecorderDemo1" time="6.360"/>
  <system-out/>
</testsuite> <!-- SeleniumTestScripts.RecorderDemo1 -->
